[INFO  - 2018-07-11T07:01:49.504Z] GhostDriver - Main - running on port 47019
[INFO  - 2018-07-11T07:01:50.409Z] Session [48ce1d70-84d8-11e8-9a57-91326e2dce4d] - page.settings - {"XSSAuditingEnabled":false,"javascriptCanCloseWindows":true,"javascriptCanOpenWindows":true,"javascriptEnabled":true,"loadImages":true,"localToRemoteUrlAccessEnabled":false,"userAgent":"Mozilla/5.0 (Unknown; Linux x86_64) AppleWebKit/538.1 (KHTML, like Gecko) PhantomJS/2.1.1 Safari/538.1","webSecurityEnabled":true}
[INFO  - 2018-07-11T07:01:50.409Z] Session [48ce1d70-84d8-11e8-9a57-91326e2dce4d] - page.customHeaders:  - {}
[INFO  - 2018-07-11T07:01:50.409Z] Session [48ce1d70-84d8-11e8-9a57-91326e2dce4d] - Session.negotiatedCapabilities - {"browserName":"phantomjs","version":"2.1.1","driverName":"ghostdriver","driverVersion":"1.2.0","platform":"linux-unknown-64bit","javascriptEnabled":true,"takesScreenshot":true,"handlesAlerts":false,"databaseEnabled":false,"locationContextEnabled":false,"applicationCacheEnabled":false,"browserConnectionEnabled":false,"cssSelectorsEnabled":true,"webStorageEnabled":false,"rotatable":false,"acceptSslCerts":false,"nativeEvents":true,"proxy":{"proxyType":"direct"}}
[INFO  - 2018-07-11T07:01:50.409Z] SessionManagerReqHand - _postNewSessionCommand - New Session Created: 48ce1d70-84d8-11e8-9a57-91326e2dce4d
[ERROR - 2018-07-11T07:01:52.473Z] Session [48ce1d70-84d8-11e8-9a57-91326e2dce4d] - page.onError - msg: Error in require callback:  ReferenceError: Can't find variable: Map

  phantomjs://platform/console++.js:263 in error
[ERROR - 2018-07-11T07:01:52.473Z] Session [48ce1d70-84d8-11e8-9a57-91326e2dce4d] - page.onError - stack:
  L (https://www.tripadvisor.co.kr/Hotels-g294197-Seoul-Hotels.html:1807)

  phantomjs://platform/console++.js:263 in error
[INFO  - 2018-07-11T07:06:49.505Z] SessionManagerReqHand - _cleanupWindowlessSessions - Asynchronous Sessions clean-up phase starting NOW
[INFO  - 2018-07-11T07:11:49.505Z] SessionManagerReqHand - _cleanupWindowlessSessions - Asynchronous Sessions clean-up phase starting NOW
[INFO  - 2018-07-11T07:16:49.505Z] SessionManagerReqHand - _cleanupWindowlessSessions - Asynchronous Sessions clean-up phase starting NOW
[INFO  - 2018-07-11T07:21:49.505Z] SessionManagerReqHand - _cleanupWindowlessSessions - Asynchronous Sessions clean-up phase starting NOW
[INFO  - 2018-07-11T07:26:49.505Z] SessionManagerReqHand - _cleanupWindowlessSessions - Asynchronous Sessions clean-up phase starting NOW
[INFO  - 2018-07-11T07:31:49.505Z] SessionManagerReqHand - _cleanupWindowlessSessions - Asynchronous Sessions clean-up phase starting NOW
[INFO  - 2018-07-11T07:36:49.505Z] SessionManagerReqHand - _cleanupWindowlessSessions - Asynchronous Sessions clean-up phase starting NOW
[INFO  - 2018-07-11T07:41:49.506Z] SessionManagerReqHand - _cleanupWindowlessSessions - Asynchronous Sessions clean-up phase starting NOW
[INFO  - 2018-07-11T07:46:49.507Z] SessionManagerReqHand - _cleanupWindowlessSessions - Asynchronous Sessions clean-up phase starting NOW
[INFO  - 2018-07-11T07:51:49.507Z] SessionManagerReqHand - _cleanupWindowlessSessions - Asynchronous Sessions clean-up phase starting NOW
[INFO  - 2018-07-11T07:56:49.507Z] SessionManagerReqHand - _cleanupWindowlessSessions - Asynchronous Sessions clean-up phase starting NOW
[INFO  - 2018-07-11T08:01:49.507Z] SessionManagerReqHand - _cleanupWindowlessSessions - Asynchronous Sessions clean-up phase starting NOW
[ERROR - 2018-07-11T08:04:43.350Z] WebElementLocator - _handleLocateCommand - Element(s) NOT Found: GAVE UP. Search Stop Time: 1531296283338

  phantomjs://platform/console++.js:263 in error
[ERROR - 2018-07-11T08:04:44.087Z] Session [48ce1d70-84d8-11e8-9a57-91326e2dce4d] - page.onError - msg: Error loading 'trhtml!STATIC_MAP_WIDGETS/RESPONSIVE_AJAX_BASED_HR?thumbWidth=338&thumbHeight=270&locationId=1643621': Error: XHR returned 0

  phantomjs://platform/console++.js:263 in error
[ERROR - 2018-07-11T08:04:44.087Z] Session [48ce1d70-84d8-11e8-9a57-91326e2dce4d] - page.onError - stack:
  L (https://static.tacdn.com/js3/long_lived_global-c-v22084815258a.js:1)

  phantomjs://platform/console++.js:263 in error
[ERROR - 2018-07-11T08:04:44.087Z] Session [48ce1d70-84d8-11e8-9a57-91326e2dce4d] - page.onError - msg: Error loading 'trhtml!STATIC_MAP_WIDGETS/RESPONSIVE_AJAX_BASED_HR?thumbWidth=683&thumbHeight=191&locationId=1643621': Error: XHR returned 0

  phantomjs://platform/console++.js:263 in error
[ERROR - 2018-07-11T08:04:44.087Z] Session [48ce1d70-84d8-11e8-9a57-91326e2dce4d] - page.onError - stack:
  L (https://static.tacdn.com/js3/long_lived_global-c-v22084815258a.js:1)

  phantomjs://platform/console++.js:263 in error
[INFO  - 2018-07-11T08:06:49.507Z] SessionManagerReqHand - _cleanupWindowlessSessions - Asynchronous Sessions clean-up phase starting NOW
[INFO  - 2018-07-11T08:11:49.507Z] SessionManagerReqHand - _cleanupWindowlessSessions - Asynchronous Sessions clean-up phase starting NOW
[INFO  - 2018-07-11T08:16:49.507Z] SessionManagerReqHand - _cleanupWindowlessSessions - Asynchronous Sessions clean-up phase starting NOW
[INFO  - 2018-07-11T08:21:49.507Z] SessionManagerReqHand - _cleanupWindowlessSessions - Asynchronous Sessions clean-up phase starting NOW
[INFO  - 2018-07-11T08:26:49.580Z] SessionManagerReqHand - _cleanupWindowlessSessions - Asynchronous Sessions clean-up phase starting NOW
[INFO  - 2018-07-11T08:31:49.580Z] SessionManagerReqHand - _cleanupWindowlessSessions - Asynchronous Sessions clean-up phase starting NOW
[INFO  - 2018-07-11T08:36:49.580Z] SessionManagerReqHand - _cleanupWindowlessSessions - Asynchronous Sessions clean-up phase starting NOW
[INFO  - 2018-07-11T08:41:49.582Z] SessionManagerReqHand - _cleanupWindowlessSessions - Asynchronous Sessions clean-up phase starting NOW
[INFO  - 2018-07-11T08:46:49.582Z] SessionManagerReqHand - _cleanupWindowlessSessions - Asynchronous Sessions clean-up phase starting NOW
[INFO  - 2018-07-11T08:51:49.582Z] SessionManagerReqHand - _cleanupWindowlessSessions - Asynchronous Sessions clean-up phase starting NOW
[INFO  - 2018-07-11T08:56:49.582Z] SessionManagerReqHand - _cleanupWindowlessSessions - Asynchronous Sessions clean-up phase starting NOW
